(base) MAC077872:lec85 argemflores$ python test_cap.pyF.
======================================================================
FAIL: test_multiple_words (__main__.TestCap)
----------------------------------------------------------------------
Traceback (most recent call last):
  File "test_cap.py", line 13, in test_multiple_words
    self.assertEqual(result, 'Monty Python')
AssertionError: 'Monty python' != 'Monty Python'
- Monty python
?       ^
+ Monty Python
?       ^


----------------------------------------------------------------------
Ran 2 tests in 0.000s

FAILED (failures=1)
(base) MAC077872:lec85 argemflores$ 